<?xml version="1.0" encoding="UTF-8"?>
<!-- Generated by org.testng.reporters.JUnitReportReporter -->
<testsuite hostname="DESKTOP-5B3SDIE" failures="0" tests="1" name="cucumber.TestNGTestRunner" time="27.707" errors="0" timestamp="2025-02-27T13:54:17 EST" skipped="0">
  <testcase classname="cucumber.TestNGTestRunner" name="runScenario" time="27.707"/>
</testsuite> <!-- cucumber.TestNGTestRunner -->
