<?xml version="1.0" encoding="UTF-8"?>
<!-- Generated by org.testng.reporters.JUnitReportReporter -->
<testsuite hostname="DESKTOP-5B3SDIE" failures="0" tests="3" name="rahulshettyacademy.tests.SubmitOrderTest" time="47.164" errors="0" timestamp="2025-01-17T11:48:26 EST" skipped="0">
  <testcase classname="rahulshettyacademy.tests.SubmitOrderTest" name="OrderHistoryTest" time="6.422"/>
  <testcase classname="rahulshettyacademy.tests.SubmitOrderTest" name="submitOrderTest" time="26.795"/>
  <testcase classname="rahulshettyacademy.tests.SubmitOrderTest" name="submitOrderTest" time="13.947"/>
</testsuite> <!-- rahulshettyacademy.tests.SubmitOrderTest -->
