<?xml version="1.0" encoding="UTF-8"?>
<!-- Generated by org.testng.reporters.JUnitReportReporter -->
<testsuite hostname="DESKTOP-5B3SDIE" failures="0" tests="1" name="rahulshettyacademy.tests.ErrorValidationsTest" time="7.336" errors="0" timestamp="2025-04-05T18:21:15 EDT" skipped="0">
  <testcase classname="rahulshettyacademy.tests.ErrorValidationsTest" name="LoginErrorValidation" time="7.336"/>
</testsuite> <!-- rahulshettyacademy.tests.ErrorValidationsTest -->
