<?xml version="1.0" encoding="UTF-8"?>
<!-- Generated by org.testng.reporters.JUnitReportReporter -->
<testsuite hostname="DESKTOP-5B3SDIE" failures="0" tests="1" name="cucumber.TestNGTestRunner" time="28.974" errors="0" timestamp="2025-02-28T00:11:05 EST" skipped="0">
  <testcase classname="cucumber.TestNGTestRunner" name="runScenario" time="28.974"/>
</testsuite> <!-- cucumber.TestNGTestRunner -->
